torch.float32
avg step 0 time49.44963341889282
avg step 1 time50.32360010469953
avg step 2 time49.76823305090269
avg step 3 time49.98226747071991
avg step 4 time50.97683363904556
avg step 5 time49.95153285562992
avg step 6 time49.86276714286456
avg step 7 time49.678400197687246
avg step 8 time50.17363388712207
avg step 9 time49.886799145800374
every op time
49.83300459571183
49.461988965049386
49.48198329657316
48.982008593156934
48.430985771119595
49.071997636929154
49.07097900286317
48.941990826278925
49.282010877504945
49.39199425280094
48.97199687547982
49.12199801765382
48.89100091531873
49.13200973533094
48.932008212432265
49.05200330540538
49.23198139294982
49.26198744215071
49.44199463352561
49.25200482830405
49.13198063150048
49.291993491351604
48.88101830147207
49.04100205749273
49.27199915982783
48.93098957836628
48.75101149082184
48.88098919764161
49.19199272990227
49.17199839837849
58.89998283237219
50.38399831391871
49.73201430402696
49.76300988346338
51.63598689250648
49.29202259518206
49.24100358039141
49.05101377516985
49.3219995405525
49.47301931679249
49.26201654598117
49.502996262162924
49.192021833732724
49.26099791191518
49.251975724473596
49.35200558975339
49.18198101222515
51.78700666874647
53.419003961607814
49.542024498805404
49.202004447579384
49.48201240040362
49.49199501425028
49.41198858432472
48.92100696451962
49.13200973533094
49.31198782287538
49.36198820360005
49.1419923491776
49.533002311363816
51.095004891976714
49.722992116585374
49.502996262162924
49.73300383426249
49.452006351202726
49.47299021296203
49.46201806887984
49.4720006827265
49.23198139294982
49.62299135513604
49.31198782287538
49.11099676974118
49.080990720540285
49.130991101264954
49.40200597047806
51.3449776917696
49.17202750220895
49.371999921277165
49.12199801765382
49.08200935460627
49.06198591925204
49.371999921277165
49.28198177367449
49.34202297590673
49.081980250775814
48.991001676768064
49.071997636929154
49.49199501425028
49.422000302001834
49.11099676974118
51.10501660965383
49.511989345774055
49.573020078241825
49.43300154991448
51.64701724424958
48.89100091531873
48.96099562756717
49.57200144417584
49.713009502738714
49.31198782287538
49.28099224343896
49.21198706142604
49.18201011605561
49.39199425280094
49.27199915982783
49.05197420157492
49.542984925210476
49.371999921277165
49.06198591925204
49.25200482830405
48.93197910860181
49.362017307430506
49.24100358039141
53.9110042154789
51.80700100027025
49.592985305935144
49.502996262162924
49.26198744215071
48.92100696451962
48.97199687547982
53.98099892772734
49.31198782287538
49.080990720540285
48.98098995909095
49.28198177367449
51.54698737896979
50.04298873245716
63.15700011327863
49.422000302001834
49.672991735860705
50.02302350476384
49.000984290614724
49.3219995405525
49.802998546510935
49.84298720955849
48.950983909890056
49.40200597047806
49.291993491351604
48.88098919764161
48.88098919764161
49.021997256204486
49.40299550071359
49.49199501425028
49.18198101222515
48.92097786068916
49.202004447579384
49.802998546510935
49.54199539497495
49.3219995405525
49.232010496780276
50.51400512456894
49.63300307281315
52.638002671301365
49.61297963745892
49.43201201967895
49.74301555193961
49.55200711265206
49.161986680701375
49.24301174469292
49.1419923491776
49.67302083969116
49.41198858432472
49.34199387207627
49.23099186271429
49.03101944364607
48.991001676768064
49.14100281894207
49.44199463352561
49.28198177367449
49.23198139294982
49.42298983223736
50.50399340689182
50.69401231594384
49.74301555193961
51.40600842423737
49.22100924886763
49.11198629997671
49.161986680701375
49.01198553852737
49.36198820360005
53.939991630613804
49.87299325875938
49.322989070788026
49.422000302001834
49.210997531190515
49.422000302001834
49.04100205749273
48.96099562756717
48.941990826278925
49.371999921277165
49.17199839837849
49.1419923491776
49.13200973533094
49.06099638901651
49.071997636929154
49.22298830933869
49.28198177367449
49.40302460454404
49.241993110626936
49.28099224343896
49.02100772596896
49.371999921277165
49.241993110626936
49.17199839837849
49.53198367729783
49.25200482830405
49.371999921277165
52.126997616142035
49.92299363948405
49.5819840580225
50.25399150326848
49.363006837666035
49.48201240040362
51.045004511252046
49.14100281894207
49.170979764312506
49.18201011605561
49.30200520902872
49.18099148198962
49.161986680701375
49.31201692670584
49.161986680701375
49.30200520902872
49.42298983223736
49.362017307430506
49.49199501425028
49.27199915982783
49.26201654598117
49.26198744215071
49.03099033981562
49.27199915982783
49.46201806887984
49.33201125822961
48.820977099239826
48.77097671851516
49.62299135513604
49.291993491351604
49.27199915982783
49.3219995405525
49.54199539497495
54.72198245115578
50.55399378761649
49.08101982437074
49.592985305935144
49.29202259518206
49.1419923491776
49.18198101222515
49.511989345774055
49.080990720540285
49.422000302001834
49.21198706142604
49.08101982437074
49.0910024382174
49.11099676974118
49.40200597047806
51.52699304744601
48.9109952468425
48.83098881691694
49.291993491351604
49.17199839837849
48.8820078317076
49.05098467133939
48.7609941046685
49.17100886814296
49.301976105198264
49.30200520902872
49.10101415589452
49.152004066854715
49.152004066854715
49.05200330540538
50.76499655842781
50.04301783628762
49.241993110626936
49.44199463352561
50.5940115544945
49.68300345353782
49.26198744215071
49.533002311363816
49.60299702361226
49.422000302001834
49.34199387207627
49.19199272990227
49.02100772596896
49.210997531190515
50.183996791020036
49.10098505206406
49.41198858432472
51.255017751827836
49.45197724737227
49.36198820360005
49.65299740433693
49.712019972503185
49.28198177367449
49.62299135513604
49.021997256204486
49.371999921277165
49.4019768666476
49.34199387207627
49.29202259518206
49.341004341840744
code run 0.17566272493325716min
